have_func: checking for rb_absint_size()... -------------------- yes

" clang -o conftest -I/Users/ogushiyosuke/.rbenv/versions/2.6.3/include/ruby-2.6.0/x86_64-darwin17 -I/Users/ogushiyosuke/.rbenv/versions/2.6.3/include/ruby-2.6.0/ruby/backward -I/Users/ogushiyosuke/.rbenv/versions/2.6.3/include/ruby-2.6.0 -I. -I/Users/ogushiyosuke/.rbenv/versions/2.6.3/include  -D_XOPEN_SOURCE -D_DARWIN_C_SOURCE -D_DARWIN_UNLIMITED_SELECT -D_REENTRANT    -O3 -Wno-error=shorten-64-to-32  -pipe conftest.c  -L. -L/Users/ogushiyosuke/.rbenv/versions/2.6.3/lib -L. -L/Users/ogushiyosuke/.rbenv/versions/2.6.3/lib  -fstack-protector-strong -L/usr/local/lib     -lruby.2.6-static -framework Security -framework Foundation -lpthread -ldl -lobjc   "
ld: warning: text-based stub file /System/Library/Frameworks//Security.framework/Security.tbd and library file /System/Library/Frameworks//Security.framework/Security are out of sync. Falling back to library file for linking.
ld: warning: text-based stub file /System/Library/Frameworks//Foundation.framework/Foundation.tbd and library file /System/Library/Frameworks//Foundation.framework/Foundation are out of sync. Falling back to library file for linking.
ld: warning: text-based stub file /System/Library/Frameworks//CoreFoundation.framework/Versions/A/CoreFoundation.tbd and library file /System/Library/Frameworks//CoreFoundation.framework/Versions/A/CoreFoundation are out of sync. Falling back to library file for linking.
checked program was:
/* begin */
1: #include "ruby.h"
2: 
3: int main(int argc, char **argv)
4: {
5:   return 0;
6: }
/* end */

" clang -o conftest -I/Users/ogushiyosuke/.rbenv/versions/2.6.3/include/ruby-2.6.0/x86_64-darwin17 -I/Users/ogushiyosuke/.rbenv/versions/2.6.3/include/ruby-2.6.0/ruby/backward -I/Users/ogushiyosuke/.rbenv/versions/2.6.3/include/ruby-2.6.0 -I. -I/Users/ogushiyosuke/.rbenv/versions/2.6.3/include  -D_XOPEN_SOURCE -D_DARWIN_C_SOURCE -D_DARWIN_UNLIMITED_SELECT -D_REENTRANT    -O3 -Wno-error=shorten-64-to-32  -pipe conftest.c  -L. -L/Users/ogushiyosuke/.rbenv/versions/2.6.3/lib -L. -L/Users/ogushiyosuke/.rbenv/versions/2.6.3/lib  -fstack-protector-strong -L/usr/local/lib     -lruby.2.6-static -framework Security -framework Foundation -lpthread -ldl -lobjc   "
ld: warning: text-based stub file /System/Library/Frameworks//Security.framework/Security.tbd and library file /System/Library/Frameworks//Security.framework/Security are out of sync. Falling back to library file for linking.
ld: warning: text-based stub file /System/Library/Frameworks//Foundation.framework/Foundation.tbd and library file /System/Library/Frameworks//Foundation.framework/Foundation are out of sync. Falling back to library file for linking.
ld: warning: text-based stub file /System/Library/Frameworks//CoreFoundation.framework/Versions/A/CoreFoundation.tbd and library file /System/Library/Frameworks//CoreFoundation.framework/Versions/A/CoreFoundation are out of sync. Falling back to library file for linking.
checked program was:
/* begin */
 1: #include "ruby.h"
 2: 
 3: /*top*/
 4: extern int t(void);
 5: int main(int argc, char **argv)
 6: {
 7:   if (argc > 1000000) {
 8:     int (* volatile tp)(void)=(int (*)(void))&t;
 9:     printf("%d", (*tp)());
10:   }
11: 
12:   return 0;
13: }
14: int t(void) { void ((*volatile p)()); p = (void ((*)()))rb_absint_size; return !p; }
/* end */

--------------------

have_func: checking for rb_absint_singlebit_p()... -------------------- yes

" clang -o conftest -I/Users/ogushiyosuke/.rbenv/versions/2.6.3/include/ruby-2.6.0/x86_64-darwin17 -I/Users/ogushiyosuke/.rbenv/versions/2.6.3/include/ruby-2.6.0/ruby/backward -I/Users/ogushiyosuke/.rbenv/versions/2.6.3/include/ruby-2.6.0 -I. -I/Users/ogushiyosuke/.rbenv/versions/2.6.3/include  -D_XOPEN_SOURCE -D_DARWIN_C_SOURCE -D_DARWIN_UNLIMITED_SELECT -D_REENTRANT    -O3 -Wno-error=shorten-64-to-32  -pipe conftest.c  -L. -L/Users/ogushiyosuke/.rbenv/versions/2.6.3/lib -L. -L/Users/ogushiyosuke/.rbenv/versions/2.6.3/lib  -fstack-protector-strong -L/usr/local/lib     -lruby.2.6-static -framework Security -framework Foundation -lpthread -ldl -lobjc   "
ld: warning: text-based stub file /System/Library/Frameworks//Security.framework/Security.tbd and library file /System/Library/Frameworks//Security.framework/Security are out of sync. Falling back to library file for linking.
ld: warning: text-based stub file /System/Library/Frameworks//Foundation.framework/Foundation.tbd and library file /System/Library/Frameworks//Foundation.framework/Foundation are out of sync. Falling back to library file for linking.
ld: warning: text-based stub file /System/Library/Frameworks//CoreFoundation.framework/Versions/A/CoreFoundation.tbd and library file /System/Library/Frameworks//CoreFoundation.framework/Versions/A/CoreFoundation are out of sync. Falling back to library file for linking.
checked program was:
/* begin */
 1: #include "ruby.h"
 2: 
 3: /*top*/
 4: extern int t(void);
 5: int main(int argc, char **argv)
 6: {
 7:   if (argc > 1000000) {
 8:     int (* volatile tp)(void)=(int (*)(void))&t;
 9:     printf("%d", (*tp)());
10:   }
11: 
12:   return 0;
13: }
14: int t(void) { void ((*volatile p)()); p = (void ((*)()))rb_absint_singlebit_p; return !p; }
/* end */

--------------------

have_func: checking for rb_wait_for_single_fd()... -------------------- yes

" clang -o conftest -I/Users/ogushiyosuke/.rbenv/versions/2.6.3/include/ruby-2.6.0/x86_64-darwin17 -I/Users/ogushiyosuke/.rbenv/versions/2.6.3/include/ruby-2.6.0/ruby/backward -I/Users/ogushiyosuke/.rbenv/versions/2.6.3/include/ruby-2.6.0 -I. -I/Users/ogushiyosuke/.rbenv/versions/2.6.3/include  -D_XOPEN_SOURCE -D_DARWIN_C_SOURCE -D_DARWIN_UNLIMITED_SELECT -D_REENTRANT    -O3 -Wno-error=shorten-64-to-32  -pipe conftest.c  -L. -L/Users/ogushiyosuke/.rbenv/versions/2.6.3/lib -L. -L/Users/ogushiyosuke/.rbenv/versions/2.6.3/lib  -fstack-protector-strong -L/usr/local/lib     -lruby.2.6-static -framework Security -framework Foundation -lpthread -ldl -lobjc   "
conftest.c:14:57: error: use of undeclared identifier 'rb_wait_for_single_fd'
int t(void) { void ((*volatile p)()); p = (void ((*)()))rb_wait_for_single_fd; return !p; }
                                                        ^
1 error generated.
checked program was:
/* begin */
 1: #include "ruby.h"
 2: 
 3: /*top*/
 4: extern int t(void);
 5: int main(int argc, char **argv)
 6: {
 7:   if (argc > 1000000) {
 8:     int (* volatile tp)(void)=(int (*)(void))&t;
 9:     printf("%d", (*tp)());
10:   }
11: 
12:   return 0;
13: }
14: int t(void) { void ((*volatile p)()); p = (void ((*)()))rb_wait_for_single_fd; return !p; }
/* end */

" clang -o conftest -I/Users/ogushiyosuke/.rbenv/versions/2.6.3/include/ruby-2.6.0/x86_64-darwin17 -I/Users/ogushiyosuke/.rbenv/versions/2.6.3/include/ruby-2.6.0/ruby/backward -I/Users/ogushiyosuke/.rbenv/versions/2.6.3/include/ruby-2.6.0 -I. -I/Users/ogushiyosuke/.rbenv/versions/2.6.3/include  -D_XOPEN_SOURCE -D_DARWIN_C_SOURCE -D_DARWIN_UNLIMITED_SELECT -D_REENTRANT    -O3 -Wno-error=shorten-64-to-32  -pipe conftest.c  -L. -L/Users/ogushiyosuke/.rbenv/versions/2.6.3/lib -L. -L/Users/ogushiyosuke/.rbenv/versions/2.6.3/lib  -fstack-protector-strong -L/usr/local/lib     -lruby.2.6-static -framework Security -framework Foundation -lpthread -ldl -lobjc   "
ld: warning: text-based stub file /System/Library/Frameworks//Security.framework/Security.tbd and library file /System/Library/Frameworks//Security.framework/Security are out of sync. Falling back to library file for linking.
ld: warning: text-based stub file /System/Library/Frameworks//Foundation.framework/Foundation.tbd and library file /System/Library/Frameworks//Foundation.framework/Foundation are out of sync. Falling back to library file for linking.
ld: warning: text-based stub file /System/Library/Frameworks//CoreFoundation.framework/Versions/A/CoreFoundation.tbd and library file /System/Library/Frameworks//CoreFoundation.framework/Versions/A/CoreFoundation are out of sync. Falling back to library file for linking.
checked program was:
/* begin */
 1: #include "ruby.h"
 2: 
 3: /*top*/
 4: extern int t(void);
 5: int main(int argc, char **argv)
 6: {
 7:   if (argc > 1000000) {
 8:     int (* volatile tp)(void)=(int (*)(void))&t;
 9:     printf("%d", (*tp)());
10:   }
11: 
12:   return 0;
13: }
14: extern void rb_wait_for_single_fd();
15: int t(void) { rb_wait_for_single_fd(); return 0; }
/* end */

--------------------

have_header: checking for mysql.h... -------------------- yes

" clang -E -I/Users/ogushiyosuke/.rbenv/versions/2.6.3/include/ruby-2.6.0/x86_64-darwin17 -I/Users/ogushiyosuke/.rbenv/versions/2.6.3/include/ruby-2.6.0/ruby/backward -I/Users/ogushiyosuke/.rbenv/versions/2.6.3/include/ruby-2.6.0 -I. -I/usr/local/Cellar/mysql/8.0.16/include/mysql -I/Users/ogushiyosuke/.rbenv/versions/2.6.3/include  -D_XOPEN_SOURCE -D_DARWIN_C_SOURCE -D_DARWIN_UNLIMITED_SELECT -D_REENTRANT    -O3 -Wno-error=shorten-64-to-32  -pipe  conftest.c -o conftest.i"
checked program was:
/* begin */
1: #include "ruby.h"
2: 
3: #include <mysql.h>
/* end */

--------------------

have_header: checking for errmsg.h... -------------------- yes

" clang -E -I/Users/ogushiyosuke/.rbenv/versions/2.6.3/include/ruby-2.6.0/x86_64-darwin17 -I/Users/ogushiyosuke/.rbenv/versions/2.6.3/include/ruby-2.6.0/ruby/backward -I/Users/ogushiyosuke/.rbenv/versions/2.6.3/include/ruby-2.6.0 -I. -I/usr/local/Cellar/mysql/8.0.16/include/mysql -I/Users/ogushiyosuke/.rbenv/versions/2.6.3/include  -D_XOPEN_SOURCE -D_DARWIN_C_SOURCE -D_DARWIN_UNLIMITED_SELECT -D_REENTRANT    -O3 -Wno-error=shorten-64-to-32  -pipe  conftest.c -o conftest.i"
checked program was:
/* begin */
1: #include "ruby.h"
2: 
3: #include <errmsg.h>
/* end */

--------------------

have_const: checking for SSL_MODE_DISABLED in mysql.h... -------------------- yes

" clang -I/Users/ogushiyosuke/.rbenv/versions/2.6.3/include/ruby-2.6.0/x86_64-darwin17 -I/Users/ogushiyosuke/.rbenv/versions/2.6.3/include/ruby-2.6.0/ruby/backward -I/Users/ogushiyosuke/.rbenv/versions/2.6.3/include/ruby-2.6.0 -I. -I/usr/local/Cellar/mysql/8.0.16/include/mysql -I/Users/ogushiyosuke/.rbenv/versions/2.6.3/include  -D_XOPEN_SOURCE -D_DARWIN_C_SOURCE -D_DARWIN_UNLIMITED_SELECT -D_REENTRANT    -O3 -Wno-error=shorten-64-to-32  -pipe   -c conftest.c"
checked program was:
/* begin */
1: #include "ruby.h"
2: 
3: #include <mysql.h>
4: 
5: /*top*/
6: typedef int conftest_type;
7: conftest_type conftestval = (int)SSL_MODE_DISABLED;
/* end */

--------------------

have_const: checking for SSL_MODE_PREFERRED in mysql.h... -------------------- yes

" clang -I/Users/ogushiyosuke/.rbenv/versions/2.6.3/include/ruby-2.6.0/x86_64-darwin17 -I/Users/ogushiyosuke/.rbenv/versions/2.6.3/include/ruby-2.6.0/ruby/backward -I/Users/ogushiyosuke/.rbenv/versions/2.6.3/include/ruby-2.6.0 -I. -I/usr/local/Cellar/mysql/8.0.16/include/mysql -I/Users/ogushiyosuke/.rbenv/versions/2.6.3/include  -D_XOPEN_SOURCE -D_DARWIN_C_SOURCE -D_DARWIN_UNLIMITED_SELECT -D_REENTRANT    -O3 -Wno-error=shorten-64-to-32  -pipe   -c conftest.c"
checked program was:
/* begin */
1: #include "ruby.h"
2: 
3: #include <mysql.h>
4: 
5: /*top*/
6: typedef int conftest_type;
7: conftest_type conftestval = (int)SSL_MODE_PREFERRED;
/* end */

--------------------

have_const: checking for SSL_MODE_REQUIRED in mysql.h... -------------------- yes

" clang -I/Users/ogushiyosuke/.rbenv/versions/2.6.3/include/ruby-2.6.0/x86_64-darwin17 -I/Users/ogushiyosuke/.rbenv/versions/2.6.3/include/ruby-2.6.0/ruby/backward -I/Users/ogushiyosuke/.rbenv/versions/2.6.3/include/ruby-2.6.0 -I. -I/usr/local/Cellar/mysql/8.0.16/include/mysql -I/Users/ogushiyosuke/.rbenv/versions/2.6.3/include  -D_XOPEN_SOURCE -D_DARWIN_C_SOURCE -D_DARWIN_UNLIMITED_SELECT -D_REENTRANT    -O3 -Wno-error=shorten-64-to-32  -pipe   -c conftest.c"
checked program was:
/* begin */
1: #include "ruby.h"
2: 
3: #include <mysql.h>
4: 
5: /*top*/
6: typedef int conftest_type;
7: conftest_type conftestval = (int)SSL_MODE_REQUIRED;
/* end */

--------------------

have_const: checking for SSL_MODE_VERIFY_CA in mysql.h... -------------------- yes

" clang -I/Users/ogushiyosuke/.rbenv/versions/2.6.3/include/ruby-2.6.0/x86_64-darwin17 -I/Users/ogushiyosuke/.rbenv/versions/2.6.3/include/ruby-2.6.0/ruby/backward -I/Users/ogushiyosuke/.rbenv/versions/2.6.3/include/ruby-2.6.0 -I. -I/usr/local/Cellar/mysql/8.0.16/include/mysql -I/Users/ogushiyosuke/.rbenv/versions/2.6.3/include  -D_XOPEN_SOURCE -D_DARWIN_C_SOURCE -D_DARWIN_UNLIMITED_SELECT -D_REENTRANT    -O3 -Wno-error=shorten-64-to-32  -pipe   -c conftest.c"
checked program was:
/* begin */
1: #include "ruby.h"
2: 
3: #include <mysql.h>
4: 
5: /*top*/
6: typedef int conftest_type;
7: conftest_type conftestval = (int)SSL_MODE_VERIFY_CA;
/* end */

--------------------

have_const: checking for SSL_MODE_VERIFY_IDENTITY in mysql.h... -------------------- yes

" clang -I/Users/ogushiyosuke/.rbenv/versions/2.6.3/include/ruby-2.6.0/x86_64-darwin17 -I/Users/ogushiyosuke/.rbenv/versions/2.6.3/include/ruby-2.6.0/ruby/backward -I/Users/ogushiyosuke/.rbenv/versions/2.6.3/include/ruby-2.6.0 -I. -I/usr/local/Cellar/mysql/8.0.16/include/mysql -I/Users/ogushiyosuke/.rbenv/versions/2.6.3/include  -D_XOPEN_SOURCE -D_DARWIN_C_SOURCE -D_DARWIN_UNLIMITED_SELECT -D_REENTRANT    -O3 -Wno-error=shorten-64-to-32  -pipe   -c conftest.c"
checked program was:
/* begin */
1: #include "ruby.h"
2: 
3: #include <mysql.h>
4: 
5: /*top*/
6: typedef int conftest_type;
7: conftest_type conftestval = (int)SSL_MODE_VERIFY_IDENTITY;
/* end */

--------------------

have_struct_member: checking for MYSQL.net.vio in mysql.h... -------------------- yes

" clang -I/Users/ogushiyosuke/.rbenv/versions/2.6.3/include/ruby-2.6.0/x86_64-darwin17 -I/Users/ogushiyosuke/.rbenv/versions/2.6.3/include/ruby-2.6.0/ruby/backward -I/Users/ogushiyosuke/.rbenv/versions/2.6.3/include/ruby-2.6.0 -I. -I/usr/local/Cellar/mysql/8.0.16/include/mysql -I/Users/ogushiyosuke/.rbenv/versions/2.6.3/include  -D_XOPEN_SOURCE -D_DARWIN_C_SOURCE -D_DARWIN_UNLIMITED_SELECT -D_REENTRANT    -O3 -Wno-error=shorten-64-to-32  -pipe -DFULL_SSL_MODE_SUPPORT   -c conftest.c"
checked program was:
/* begin */
 1: #include "ruby.h"
 2: 
 3: #include <mysql.h>
 4: 
 5: /*top*/
 6: int s = (char *)&((MYSQL*)0)->net.vio - (char *)0;
 7: int main(int argc, char **argv)
 8: {
 9:   return 0;
10: }
/* end */

--------------------

have_struct_member: checking for MYSQL.net.pvio in mysql.h... -------------------- no

" clang -I/Users/ogushiyosuke/.rbenv/versions/2.6.3/include/ruby-2.6.0/x86_64-darwin17 -I/Users/ogushiyosuke/.rbenv/versions/2.6.3/include/ruby-2.6.0/ruby/backward -I/Users/ogushiyosuke/.rbenv/versions/2.6.3/include/ruby-2.6.0 -I. -I/usr/local/Cellar/mysql/8.0.16/include/mysql -I/Users/ogushiyosuke/.rbenv/versions/2.6.3/include  -D_XOPEN_SOURCE -D_DARWIN_C_SOURCE -D_DARWIN_UNLIMITED_SELECT -D_REENTRANT    -O3 -Wno-error=shorten-64-to-32  -pipe -DFULL_SSL_MODE_SUPPORT   -c conftest.c"
conftest.c:6:35: error: no member named 'pvio' in 'struct NET'; did you mean 'vio'?
int s = (char *)&((MYSQL*)0)->net.pvio - (char *)0;
                                  ^~~~
                                  vio
/usr/local/Cellar/mysql/8.0.16/include/mysql/mysql_com.h:832:13: note: 'vio' declared here
  MYSQL_VIO vio;
            ^
1 error generated.
checked program was:
/* begin */
 1: #include "ruby.h"
 2: 
 3: #include <mysql.h>
 4: 
 5: /*top*/
 6: int s = (char *)&((MYSQL*)0)->net.pvio - (char *)0;
 7: int main(int argc, char **argv)
 8: {
 9:   return 0;
10: }
/* end */

--------------------

have_const: checking for MYSQL_ENABLE_CLEARTEXT_PLUGIN in mysql.h... -------------------- yes

" clang -I/Users/ogushiyosuke/.rbenv/versions/2.6.3/include/ruby-2.6.0/x86_64-darwin17 -I/Users/ogushiyosuke/.rbenv/versions/2.6.3/include/ruby-2.6.0/ruby/backward -I/Users/ogushiyosuke/.rbenv/versions/2.6.3/include/ruby-2.6.0 -I. -I/usr/local/Cellar/mysql/8.0.16/include/mysql -I/Users/ogushiyosuke/.rbenv/versions/2.6.3/include  -D_XOPEN_SOURCE -D_DARWIN_C_SOURCE -D_DARWIN_UNLIMITED_SELECT -D_REENTRANT    -O3 -Wno-error=shorten-64-to-32  -pipe -DFULL_SSL_MODE_SUPPORT   -c conftest.c"
checked program was:
/* begin */
1: #include "ruby.h"
2: 
3: #include <mysql.h>
4: 
5: /*top*/
6: typedef int conftest_type;
7: conftest_type conftestval = (int)MYSQL_ENABLE_CLEARTEXT_PLUGIN;
/* end */

--------------------

have_const: checking for SERVER_QUERY_NO_GOOD_INDEX_USED in mysql.h... -------------------- yes

" clang -I/Users/ogushiyosuke/.rbenv/versions/2.6.3/include/ruby-2.6.0/x86_64-darwin17 -I/Users/ogushiyosuke/.rbenv/versions/2.6.3/include/ruby-2.6.0/ruby/backward -I/Users/ogushiyosuke/.rbenv/versions/2.6.3/include/ruby-2.6.0 -I. -I/usr/local/Cellar/mysql/8.0.16/include/mysql -I/Users/ogushiyosuke/.rbenv/versions/2.6.3/include  -D_XOPEN_SOURCE -D_DARWIN_C_SOURCE -D_DARWIN_UNLIMITED_SELECT -D_REENTRANT    -O3 -Wno-error=shorten-64-to-32  -pipe -DFULL_SSL_MODE_SUPPORT   -c conftest.c"
checked program was:
/* begin */
1: #include "ruby.h"
2: 
3: #include <mysql.h>
4: 
5: /*top*/
6: typedef int conftest_type;
7: conftest_type conftestval = (int)SERVER_QUERY_NO_GOOD_INDEX_USED;
/* end */

--------------------

have_const: checking for SERVER_QUERY_NO_INDEX_USED in mysql.h... -------------------- yes

" clang -I/Users/ogushiyosuke/.rbenv/versions/2.6.3/include/ruby-2.6.0/x86_64-darwin17 -I/Users/ogushiyosuke/.rbenv/versions/2.6.3/include/ruby-2.6.0/ruby/backward -I/Users/ogushiyosuke/.rbenv/versions/2.6.3/include/ruby-2.6.0 -I. -I/usr/local/Cellar/mysql/8.0.16/include/mysql -I/Users/ogushiyosuke/.rbenv/versions/2.6.3/include  -D_XOPEN_SOURCE -D_DARWIN_C_SOURCE -D_DARWIN_UNLIMITED_SELECT -D_REENTRANT    -O3 -Wno-error=shorten-64-to-32  -pipe -DFULL_SSL_MODE_SUPPORT   -c conftest.c"
checked program was:
/* begin */
1: #include "ruby.h"
2: 
3: #include <mysql.h>
4: 
5: /*top*/
6: typedef int conftest_type;
7: conftest_type conftestval = (int)SERVER_QUERY_NO_INDEX_USED;
/* end */

--------------------

have_const: checking for SERVER_QUERY_WAS_SLOW in mysql.h... -------------------- yes

" clang -I/Users/ogushiyosuke/.rbenv/versions/2.6.3/include/ruby-2.6.0/x86_64-darwin17 -I/Users/ogushiyosuke/.rbenv/versions/2.6.3/include/ruby-2.6.0/ruby/backward -I/Users/ogushiyosuke/.rbenv/versions/2.6.3/include/ruby-2.6.0 -I. -I/usr/local/Cellar/mysql/8.0.16/include/mysql -I/Users/ogushiyosuke/.rbenv/versions/2.6.3/include  -D_XOPEN_SOURCE -D_DARWIN_C_SOURCE -D_DARWIN_UNLIMITED_SELECT -D_REENTRANT    -O3 -Wno-error=shorten-64-to-32  -pipe -DFULL_SSL_MODE_SUPPORT   -c conftest.c"
checked program was:
/* begin */
1: #include "ruby.h"
2: 
3: #include <mysql.h>
4: 
5: /*top*/
6: typedef int conftest_type;
7: conftest_type conftestval = (int)SERVER_QUERY_WAS_SLOW;
/* end */

--------------------

have_const: checking for MYSQL_OPTION_MULTI_STATEMENTS_ON in mysql.h... -------------------- yes

" clang -I/Users/ogushiyosuke/.rbenv/versions/2.6.3/include/ruby-2.6.0/x86_64-darwin17 -I/Users/ogushiyosuke/.rbenv/versions/2.6.3/include/ruby-2.6.0/ruby/backward -I/Users/ogushiyosuke/.rbenv/versions/2.6.3/include/ruby-2.6.0 -I. -I/usr/local/Cellar/mysql/8.0.16/include/mysql -I/Users/ogushiyosuke/.rbenv/versions/2.6.3/include  -D_XOPEN_SOURCE -D_DARWIN_C_SOURCE -D_DARWIN_UNLIMITED_SELECT -D_REENTRANT    -O3 -Wno-error=shorten-64-to-32  -pipe -DFULL_SSL_MODE_SUPPORT   -c conftest.c"
checked program was:
/* begin */
1: #include "ruby.h"
2: 
3: #include <mysql.h>
4: 
5: /*top*/
6: typedef int conftest_type;
7: conftest_type conftestval = (int)MYSQL_OPTION_MULTI_STATEMENTS_ON;
/* end */

--------------------

have_const: checking for MYSQL_OPTION_MULTI_STATEMENTS_OFF in mysql.h... -------------------- yes

" clang -I/Users/ogushiyosuke/.rbenv/versions/2.6.3/include/ruby-2.6.0/x86_64-darwin17 -I/Users/ogushiyosuke/.rbenv/versions/2.6.3/include/ruby-2.6.0/ruby/backward -I/Users/ogushiyosuke/.rbenv/versions/2.6.3/include/ruby-2.6.0 -I. -I/usr/local/Cellar/mysql/8.0.16/include/mysql -I/Users/ogushiyosuke/.rbenv/versions/2.6.3/include  -D_XOPEN_SOURCE -D_DARWIN_C_SOURCE -D_DARWIN_UNLIMITED_SELECT -D_REENTRANT    -O3 -Wno-error=shorten-64-to-32  -pipe -DFULL_SSL_MODE_SUPPORT   -c conftest.c"
checked program was:
/* begin */
1: #include "ruby.h"
2: 
3: #include <mysql.h>
4: 
5: /*top*/
6: typedef int conftest_type;
7: conftest_type conftestval = (int)MYSQL_OPTION_MULTI_STATEMENTS_OFF;
/* end */

--------------------

have_type: checking for my_bool in mysql.h... -------------------- no

" clang -I/Users/ogushiyosuke/.rbenv/versions/2.6.3/include/ruby-2.6.0/x86_64-darwin17 -I/Users/ogushiyosuke/.rbenv/versions/2.6.3/include/ruby-2.6.0/ruby/backward -I/Users/ogushiyosuke/.rbenv/versions/2.6.3/include/ruby-2.6.0 -I. -I/usr/local/Cellar/mysql/8.0.16/include/mysql -I/Users/ogushiyosuke/.rbenv/versions/2.6.3/include  -D_XOPEN_SOURCE -D_DARWIN_C_SOURCE -D_DARWIN_UNLIMITED_SELECT -D_REENTRANT    -O3 -Wno-error=shorten-64-to-32  -pipe -DFULL_SSL_MODE_SUPPORT   -c conftest.c"
conftest.c:6:9: error: unknown type name 'my_bool'
typedef my_bool conftest_type;
        ^
1 error generated.
checked program was:
/* begin */
1: #include "ruby.h"
2: 
3: #include <mysql.h>
4: 
5: /*top*/
6: typedef my_bool conftest_type;
7: int conftestval[sizeof(conftest_type)?1:-1];
/* end */

--------------------

" clang -o conftest -I/Users/ogushiyosuke/.rbenv/versions/2.6.3/include/ruby-2.6.0/x86_64-darwin17 -I/Users/ogushiyosuke/.rbenv/versions/2.6.3/include/ruby-2.6.0/ruby/backward -I/Users/ogushiyosuke/.rbenv/versions/2.6.3/include/ruby-2.6.0 -I. -I/usr/local/Cellar/mysql/8.0.16/include/mysql -I/Users/ogushiyosuke/.rbenv/versions/2.6.3/include  -D_XOPEN_SOURCE -D_DARWIN_C_SOURCE -D_DARWIN_UNLIMITED_SELECT -D_REENTRANT    -O3 -Wno-error=shorten-64-to-32  -pipe -DFULL_SSL_MODE_SUPPORT conftest.c  -L. -L/Users/ogushiyosuke/.rbenv/versions/2.6.3/lib -L. -L/Users/ogushiyosuke/.rbenv/versions/2.6.3/lib  -fstack-protector-strong -L/usr/local/lib    -L/usr/local/Cellar/mysql/8.0.16/lib -lmysqlclient -lssl -lcrypto  -lruby.2.6-static -framework Security -framework Foundation -lpthread -ldl -lobjc -Werror -Weverything  "
In file included from conftest.c:1:
In file included from /Users/ogushiyosuke/.rbenv/versions/2.6.3/include/ruby-2.6.0/ruby.h:33:
In file included from /Users/ogushiyosuke/.rbenv/versions/2.6.3/include/ruby-2.6.0/ruby/ruby.h:24:
/Users/ogushiyosuke/.rbenv/versions/2.6.3/include/ruby-2.6.0/x86_64-darwin17/ruby/config.h:14:9: error: macro name is a reserved identifier [-Werror,-Wreserved-id-macro]
#define __EXTENSIONS__ 1
        ^
/Users/ogushiyosuke/.rbenv/versions/2.6.3/include/ruby-2.6.0/x86_64-darwin17/ruby/config.h:15:9: error: macro name is a reserved identifier [-Werror,-Wreserved-id-macro]
#define _ALL_SOURCE 1
        ^
/Users/ogushiyosuke/.rbenv/versions/2.6.3/include/ruby-2.6.0/x86_64-darwin17/ruby/config.h:16:9: error: macro name is a reserved identifier [-Werror,-Wreserved-id-macro]
#define _GNU_SOURCE 1
        ^
/Users/ogushiyosuke/.rbenv/versions/2.6.3/include/ruby-2.6.0/x86_64-darwin17/ruby/config.h:17:9: error: macro name is a reserved identifier [-Werror,-Wreserved-id-macro]
#define _POSIX_PTHREAD_SEMANTICS 1
        ^
/Users/ogushiyosuke/.rbenv/versions/2.6.3/include/ruby-2.6.0/x86_64-darwin17/ruby/config.h:18:9: error: macro name is a reserved identifier [-Werror,-Wreserved-id-macro]
#define _TANDEM_SOURCE 1
        ^
/Users/ogushiyosuke/.rbenv/versions/2.6.3/include/ruby-2.6.0/x86_64-darwin17/ruby/config.h:335:9: error: macro name is a reserved identifier [-Werror,-Wreserved-id-macro]
#define __STDC_WANT_LIB_EXT1__ 1
        ^
/Users/ogushiyosuke/.rbenv/versions/2.6.3/include/ruby-2.6.0/x86_64-darwin17/ruby/config.h:371:9: error: macro name is a reserved identifier [-Werror,-Wreserved-id-macro]
#define _REENTRANT 1
        ^
/Users/ogushiyosuke/.rbenv/versions/2.6.3/include/ruby-2.6.0/x86_64-darwin17/ruby/config.h:372:9: error: macro name is a reserved identifier [-Werror,-Wreserved-id-macro]
#define _THREAD_SAFE 1
        ^
In file included from conftest.c:1:
In file included from /Users/ogushiyosuke/.rbenv/versions/2.6.3/include/ruby-2.6.0/ruby.h:33:
In file included from /Users/ogushiyosuke/.rbenv/versions/2.6.3/include/ruby-2.6.0/ruby/ruby.h:29:
/Users/ogushiyosuke/.rbenv/versions/2.6.3/include/ruby-2.6.0/ruby/defines.h:188:8: error: macro name is a reserved identifier [-Werror,-Wreserved-id-macro]
#undef __
       ^
/Users/ogushiyosuke/.rbenv/versions/2.6.3/include/ruby-2.6.0/ruby/defines.h:190:10: error: macro name is a reserved identifier [-Werror,-Wreserved-id-macro]
# define __(args) args
         ^
In file included from conftest.c:1:
In file included from /Users/ogushiyosuke/.rbenv/versions/2.6.3/include/ruby-2.6.0/ruby.h:33:
/Users/ogushiyosuke/.rbenv/versions/2.6.3/include/ruby-2.6.0/ruby/ruby.h:874:5: error: signed shift result (0x80000000) sets the sign bit of the shift expression's type ('int') and becomes negative [-Werror,-Wshift-sign-overflow]
    RUBY_FL_USER_N(19),
    ^~~~~~~~~~~~~~~~~~
/Users/ogushiyosuke/.rbenv/versions/2.6.3/include/ruby-2.6.0/ruby/ruby.h:853:47: note: expanded from macro 'RUBY_FL_USER_N'
#define RUBY_FL_USER_N(n) RUBY_FL_USER##n = (1<<(RUBY_FL_USHIFT+n))
                                             ~^ ~~~~~~~~~~~~~~~~~~
/Users/ogushiyosuke/.rbenv/versions/2.6.3/include/ruby-2.6.0/ruby/ruby.h:920:13: error: padding struct 'struct RObject::(anonymous at /Users/ogushiyosuke/.rbenv/versions/2.6.3/include/ruby-2.6.0/ruby/ruby.h:918:2)' with 4 bytes to align 'ivptr' [-Werror,-Wpadded]
            VALUE *ivptr;
                   ^
/Users/ogushiyosuke/.rbenv/versions/2.6.3/include/ruby-2.6.0/ruby/ruby.h:1371:9: error: disabled expansion of recursive macro [-Werror,-Wdisabled-macro-expansion]
    if (RB_FL_ABLE(x)) {
        ^
/Users/ogushiyosuke/.rbenv/versions/2.6.3/include/ruby-2.6.0/ruby/ruby.h:1300:25: note: expanded from macro 'RB_FL_ABLE'
#define RB_FL_ABLE(x) (!RB_SPECIAL_CONST_P(x) && RB_BUILTIN_TYPE(x) != RUBY_T_NODE)
                        ^
/Users/ogushiyosuke/.rbenv/versions/2.6.3/include/ruby-2.6.0/ruby/ruby.h:1297:54: note: expanded from macro 'RB_SPECIAL_CONST_P'
#define RB_SPECIAL_CONST_P(x) (RB_IMMEDIATE_P(x) || !RB_TEST(x))
                                                     ^
/Users/ogushiyosuke/.rbenv/versions/2.6.3/include/ruby-2.6.0/ruby/ruby.h:478:44: note: expanded from macro 'RB_TEST'
#define RB_TEST(v) !(((VALUE)(v) & (VALUE)~RUBY_Qnil) == 0)
                                           ^
/Users/ogushiyosuke/.rbenv/versions/2.6.3/include/ruby-2.6.0/ruby/ruby.h:464:29: note: expanded from macro 'RUBY_Qnil'
#define RUBY_Qnil   ((VALUE)RUBY_Qnil)
                            ^
/Users/ogushiyosuke/.rbenv/versions/2.6.3/include/ruby-2.6.0/ruby/ruby.h:1525:10: error: disabled expansion of recursive macro [-Werror,-Wdisabled-macro-expansion]
    if (!RB_SPECIAL_CONST_P(b)) {
         ^
/Users/ogushiyosuke/.rbenv/versions/2.6.3/include/ruby-2.6.0/ruby/ruby.h:1297:54: note: expanded from macro 'RB_SPECIAL_CONST_P'
#define RB_SPECIAL_CONST_P(x) (RB_IMMEDIATE_P(x) || !RB_TEST(x))
                                                     ^
/Users/ogushiyosuke/.rbenv/versions/2.6.3/include/ruby-2.6.0/ruby/ruby.h:478:44: note: expanded from macro 'RB_TEST'
#define RB_TEST(v) !(((VALUE)(v) & (VALUE)~RUBY_Qnil) == 0)
                                           ^
/Users/ogushiyosuke/.rbenv/versions/2.6.3/include/ruby-2.6.0/ruby/ruby.h:464:29: note: expanded from macro 'RUBY_Qnil'
#define RUBY_Qnil   ((VALUE)RUBY_Qnil)
                            ^
/Users/ogushiyosuke/.rbenv/versions/2.6.3/include/ruby-2.6.0/ruby/ruby.h:1543:23: error: disabled expansion of recursive macro [-Werror,-Wdisabled-macro-expansion]
    rb_obj_written(a, RUBY_Qundef /* ignore `oldv' now */, b, filename, line);
                      ^
/Users/ogushiyosuke/.rbenv/versions/2.6.3/include/ruby-2.6.0/ruby/ruby.h:465:29: note: expanded from macro 'RUBY_Qundef'
#define RUBY_Qundef ((VALUE)RUBY_Qundef)        /* undefined value for placeholder */
                            ^
/Users/ogushiyosuke/.rbenv/versions/2.6.3/include/ruby-2.6.0/ruby/ruby.h:1543:63: error: 'filename' was marked unused but was used [-Werror,-Wused-but-marked-unused]
    rb_obj_written(a, RUBY_Qundef /* ignore `oldv' now */, b, filename, line);
                                                              ^
/Users/ogushiyosuke/.rbenv/versions/2.6.3/include/ruby-2.6.0/ruby/ruby.h:1543:73: error: 'line' was marked unused but was used [-Werror,-Wused-but-marked-unused]
    rb_obj_written(a, RUBY_Qundef /* ignore `oldv' now */, b, filename, line);
                                                                        ^
/Users/ogushiyosuke/.rbenv/versions/2.6.3/include/ruby-2.6.0/ruby/ruby.h:1620:9: error: disabled expansion of recursive macro [-Werror,-Wdisabled-macro-expansion]
    if (RB_TYPE_P(x, RUBY_T_STRING) && (RSTRING_LEN(x)>=1))
        ^
/Users/ogushiyosuke/.rbenv/versions/2.6.3/include/ruby-2.6.0/ruby/ruby.h:559:38: note: expanded from macro 'RB_TYPE_P'
        ((type) == RUBY_T_TRUE) ? ((obj) == RUBY_Qtrue) : \
                                            ^
/Users/ogushiyosuke/.rbenv/versions/2.6.3/include/ruby-2.6.0/ruby/ruby.h:463:29: note: expanded from macro 'RUBY_Qtrue'
#define RUBY_Qtrue  ((VALUE)RUBY_Qtrue)
                            ^
/Users/ogushiyosuke/.rbenv/versions/2.6.3/include/ruby-2.6.0/ruby/ruby.h:1620:9: error: disabled expansion of recursive macro [-Werror,-Wdisabled-macro-expansion]
/Users/ogushiyosuke/.rbenv/versions/2.6.3/include/ruby-2.6.0/ruby/ruby.h:560:39: note: expanded from macro 'RB_TYPE_P'
        ((type) == RUBY_T_FALSE) ? ((obj) == RUBY_Qfalse) : \
                                             ^
/Users/ogushiyosuke/.rbenv/versions/2.6.3/include/ruby-2.6.0/ruby/ruby.h:462:29: note: expanded from macro 'RUBY_Qfalse'
#define RUBY_Qfalse ((VALUE)RUBY_Qfalse)
                            ^
fatal error: too many errors emitted, stopping now [-ferror-limit=]
20 errors generated.
checked program was:
/* begin */
1: #include "ruby.h"
2: 
3: int main() {return 0;}
/* end */

" clang -o conftest -I/Users/ogushiyosuke/.rbenv/versions/2.6.3/include/ruby-2.6.0/x86_64-darwin17 -I/Users/ogushiyosuke/.rbenv/versions/2.6.3/include/ruby-2.6.0/ruby/backward -I/Users/ogushiyosuke/.rbenv/versions/2.6.3/include/ruby-2.6.0 -I. -I/usr/local/Cellar/mysql/8.0.16/include/mysql -I/Users/ogushiyosuke/.rbenv/versions/2.6.3/include  -D_XOPEN_SOURCE -D_DARWIN_C_SOURCE -D_DARWIN_UNLIMITED_SELECT -D_REENTRANT    -O3 -Wno-error=shorten-64-to-32  -pipe -DFULL_SSL_MODE_SUPPORT conftest.c  -L. -L/Users/ogushiyosuke/.rbenv/versions/2.6.3/lib -L. -L/Users/ogushiyosuke/.rbenv/versions/2.6.3/lib  -fstack-protector-strong -L/usr/local/lib    -L/usr/local/Cellar/mysql/8.0.16/lib -lmysqlclient -lssl -lcrypto  -lruby.2.6-static -framework Security -framework Foundation -lpthread -ldl -lobjc -Werror -Wno-bad-function-cast  "
ld: warning: text-based stub file /System/Library/Frameworks//Security.framework/Security.tbd and library file /System/Library/Frameworks//Security.framework/Security are out of sync. Falling back to library file for linking.
ld: warning: text-based stub file /System/Library/Frameworks//Foundation.framework/Foundation.tbd and library file /System/Library/Frameworks//Foundation.framework/Foundation are out of sync. Falling back to library file for linking.
ld: warning: text-based stub file /System/Library/Frameworks//CoreFoundation.framework/Versions/A/CoreFoundation.tbd and library file /System/Library/Frameworks//CoreFoundation.framework/Versions/A/CoreFoundation are out of sync. Falling back to library file for linking.
checked program was:
/* begin */
1: #include "ruby.h"
2: 
3: int main() {return 0;}
/* end */

" clang -o conftest -I/Users/ogushiyosuke/.rbenv/versions/2.6.3/include/ruby-2.6.0/x86_64-darwin17 -I/Users/ogushiyosuke/.rbenv/versions/2.6.3/include/ruby-2.6.0/ruby/backward -I/Users/ogushiyosuke/.rbenv/versions/2.6.3/include/ruby-2.6.0 -I. -I/usr/local/Cellar/mysql/8.0.16/include/mysql -I/Users/ogushiyosuke/.rbenv/versions/2.6.3/include  -D_XOPEN_SOURCE -D_DARWIN_C_SOURCE -D_DARWIN_UNLIMITED_SELECT -D_REENTRANT    -O3 -Wno-error=shorten-64-to-32  -pipe -DFULL_SSL_MODE_SUPPORT conftest.c  -L. -L/Users/ogushiyosuke/.rbenv/versions/2.6.3/lib -L. -L/Users/ogushiyosuke/.rbenv/versions/2.6.3/lib  -fstack-protector-strong -L/usr/local/lib    -L/usr/local/Cellar/mysql/8.0.16/lib -lmysqlclient -lssl -lcrypto  -lruby.2.6-static -framework Security -framework Foundation -lpthread -ldl -lobjc -Werror -Wno-conditional-uninitialized  "
ld: warning: text-based stub file /System/Library/Frameworks//Security.framework/Security.tbd and library file /System/Library/Frameworks//Security.framework/Security are out of sync. Falling back to library file for linking.
ld: warning: text-based stub file /System/Library/Frameworks//Foundation.framework/Foundation.tbd and library file /System/Library/Frameworks//Foundation.framework/Foundation are out of sync. Falling back to library file for linking.
ld: warning: text-based stub file /System/Library/Frameworks//CoreFoundation.framework/Versions/A/CoreFoundation.tbd and library file /System/Library/Frameworks//CoreFoundation.framework/Versions/A/CoreFoundation are out of sync. Falling back to library file for linking.
checked program was:
/* begin */
1: #include "ruby.h"
2: 
3: int main() {return 0;}
/* end */

" clang -o conftest -I/Users/ogushiyosuke/.rbenv/versions/2.6.3/include/ruby-2.6.0/x86_64-darwin17 -I/Users/ogushiyosuke/.rbenv/versions/2.6.3/include/ruby-2.6.0/ruby/backward -I/Users/ogushiyosuke/.rbenv/versions/2.6.3/include/ruby-2.6.0 -I. -I/usr/local/Cellar/mysql/8.0.16/include/mysql -I/Users/ogushiyosuke/.rbenv/versions/2.6.3/include  -D_XOPEN_SOURCE -D_DARWIN_C_SOURCE -D_DARWIN_UNLIMITED_SELECT -D_REENTRANT    -O3 -Wno-error=shorten-64-to-32  -pipe -DFULL_SSL_MODE_SUPPORT conftest.c  -L. -L/Users/ogushiyosuke/.rbenv/versions/2.6.3/lib -L. -L/Users/ogushiyosuke/.rbenv/versions/2.6.3/lib  -fstack-protector-strong -L/usr/local/lib    -L/usr/local/Cellar/mysql/8.0.16/lib -lmysqlclient -lssl -lcrypto  -lruby.2.6-static -framework Security -framework Foundation -lpthread -ldl -lobjc -Werror -Wno-covered-switch-default  "
ld: warning: text-based stub file /System/Library/Frameworks//Security.framework/Security.tbd and library file /System/Library/Frameworks//Security.framework/Security are out of sync. Falling back to library file for linking.
ld: warning: text-based stub file /System/Library/Frameworks//Foundation.framework/Foundation.tbd and library file /System/Library/Frameworks//Foundation.framework/Foundation are out of sync. Falling back to library file for linking.
ld: warning: text-based stub file /System/Library/Frameworks//CoreFoundation.framework/Versions/A/CoreFoundation.tbd and library file /System/Library/Frameworks//CoreFoundation.framework/Versions/A/CoreFoundation are out of sync. Falling back to library file for linking.
checked program was:
/* begin */
1: #include "ruby.h"
2: 
3: int main() {return 0;}
/* end */

" clang -o conftest -I/Users/ogushiyosuke/.rbenv/versions/2.6.3/include/ruby-2.6.0/x86_64-darwin17 -I/Users/ogushiyosuke/.rbenv/versions/2.6.3/include/ruby-2.6.0/ruby/backward -I/Users/ogushiyosuke/.rbenv/versions/2.6.3/include/ruby-2.6.0 -I. -I/usr/local/Cellar/mysql/8.0.16/include/mysql -I/Users/ogushiyosuke/.rbenv/versions/2.6.3/include  -D_XOPEN_SOURCE -D_DARWIN_C_SOURCE -D_DARWIN_UNLIMITED_SELECT -D_REENTRANT    -O3 -Wno-error=shorten-64-to-32  -pipe -DFULL_SSL_MODE_SUPPORT conftest.c  -L. -L/Users/ogushiyosuke/.rbenv/versions/2.6.3/lib -L. -L/Users/ogushiyosuke/.rbenv/versions/2.6.3/lib  -fstack-protector-strong -L/usr/local/lib    -L/usr/local/Cellar/mysql/8.0.16/lib -lmysqlclient -lssl -lcrypto  -lruby.2.6-static -framework Security -framework Foundation -lpthread -ldl -lobjc -Werror -Wno-declaration-after-statement  "
ld: warning: text-based stub file /System/Library/Frameworks//Security.framework/Security.tbd and library file /System/Library/Frameworks//Security.framework/Security are out of sync. Falling back to library file for linking.
ld: warning: text-based stub file /System/Library/Frameworks//Foundation.framework/Foundation.tbd and library file /System/Library/Frameworks//Foundation.framework/Foundation are out of sync. Falling back to library file for linking.
ld: warning: text-based stub file /System/Library/Frameworks//CoreFoundation.framework/Versions/A/CoreFoundation.tbd and library file /System/Library/Frameworks//CoreFoundation.framework/Versions/A/CoreFoundation are out of sync. Falling back to library file for linking.
checked program was:
/* begin */
1: #include "ruby.h"
2: 
3: int main() {return 0;}
/* end */

" clang -o conftest -I/Users/ogushiyosuke/.rbenv/versions/2.6.3/include/ruby-2.6.0/x86_64-darwin17 -I/Users/ogushiyosuke/.rbenv/versions/2.6.3/include/ruby-2.6.0/ruby/backward -I/Users/ogushiyosuke/.rbenv/versions/2.6.3/include/ruby-2.6.0 -I. -I/usr/local/Cellar/mysql/8.0.16/include/mysql -I/Users/ogushiyosuke/.rbenv/versions/2.6.3/include  -D_XOPEN_SOURCE -D_DARWIN_C_SOURCE -D_DARWIN_UNLIMITED_SELECT -D_REENTRANT    -O3 -Wno-error=shorten-64-to-32  -pipe -DFULL_SSL_MODE_SUPPORT conftest.c  -L. -L/Users/ogushiyosuke/.rbenv/versions/2.6.3/lib -L. -L/Users/ogushiyosuke/.rbenv/versions/2.6.3/lib  -fstack-protector-strong -L/usr/local/lib    -L/usr/local/Cellar/mysql/8.0.16/lib -lmysqlclient -lssl -lcrypto  -lruby.2.6-static -framework Security -framework Foundation -lpthread -ldl -lobjc -Werror -Wno-disabled-macro-expansion  "
ld: warning: text-based stub file /System/Library/Frameworks//Security.framework/Security.tbd and library file /System/Library/Frameworks//Security.framework/Security are out of sync. Falling back to library file for linking.
ld: warning: text-based stub file /System/Library/Frameworks//Foundation.framework/Foundation.tbd and library file /System/Library/Frameworks//Foundation.framework/Foundation are out of sync. Falling back to library file for linking.
ld: warning: text-based stub file /System/Library/Frameworks//CoreFoundation.framework/Versions/A/CoreFoundation.tbd and library file /System/Library/Frameworks//CoreFoundation.framework/Versions/A/CoreFoundation are out of sync. Falling back to library file for linking.
checked program was:
/* begin */
1: #include "ruby.h"
2: 
3: int main() {return 0;}
/* end */

" clang -o conftest -I/Users/ogushiyosuke/.rbenv/versions/2.6.3/include/ruby-2.6.0/x86_64-darwin17 -I/Users/ogushiyosuke/.rbenv/versions/2.6.3/include/ruby-2.6.0/ruby/backward -I/Users/ogushiyosuke/.rbenv/versions/2.6.3/include/ruby-2.6.0 -I. -I/usr/local/Cellar/mysql/8.0.16/include/mysql -I/Users/ogushiyosuke/.rbenv/versions/2.6.3/include  -D_XOPEN_SOURCE -D_DARWIN_C_SOURCE -D_DARWIN_UNLIMITED_SELECT -D_REENTRANT    -O3 -Wno-error=shorten-64-to-32  -pipe -DFULL_SSL_MODE_SUPPORT conftest.c  -L. -L/Users/ogushiyosuke/.rbenv/versions/2.6.3/lib -L. -L/Users/ogushiyosuke/.rbenv/versions/2.6.3/lib  -fstack-protector-strong -L/usr/local/lib    -L/usr/local/Cellar/mysql/8.0.16/lib -lmysqlclient -lssl -lcrypto  -lruby.2.6-static -framework Security -framework Foundation -lpthread -ldl -lobjc -Werror -Wno-documentation-unknown-command  "
ld: warning: text-based stub file /System/Library/Frameworks//Security.framework/Security.tbd and library file /System/Library/Frameworks//Security.framework/Security are out of sync. Falling back to library file for linking.
ld: warning: text-based stub file /System/Library/Frameworks//Foundation.framework/Foundation.tbd and library file /System/Library/Frameworks//Foundation.framework/Foundation are out of sync. Falling back to library file for linking.
ld: warning: text-based stub file /System/Library/Frameworks//CoreFoundation.framework/Versions/A/CoreFoundation.tbd and library file /System/Library/Frameworks//CoreFoundation.framework/Versions/A/CoreFoundation are out of sync. Falling back to library file for linking.
checked program was:
/* begin */
1: #include "ruby.h"
2: 
3: int main() {return 0;}
/* end */

" clang -o conftest -I/Users/ogushiyosuke/.rbenv/versions/2.6.3/include/ruby-2.6.0/x86_64-darwin17 -I/Users/ogushiyosuke/.rbenv/versions/2.6.3/include/ruby-2.6.0/ruby/backward -I/Users/ogushiyosuke/.rbenv/versions/2.6.3/include/ruby-2.6.0 -I. -I/usr/local/Cellar/mysql/8.0.16/include/mysql -I/Users/ogushiyosuke/.rbenv/versions/2.6.3/include  -D_XOPEN_SOURCE -D_DARWIN_C_SOURCE -D_DARWIN_UNLIMITED_SELECT -D_REENTRANT    -O3 -Wno-error=shorten-64-to-32  -pipe -DFULL_SSL_MODE_SUPPORT conftest.c  -L. -L/Users/ogushiyosuke/.rbenv/versions/2.6.3/lib -L. -L/Users/ogushiyosuke/.rbenv/versions/2.6.3/lib  -fstack-protector-strong -L/usr/local/lib    -L/usr/local/Cellar/mysql/8.0.16/lib -lmysqlclient -lssl -lcrypto  -lruby.2.6-static -framework Security -framework Foundation -lpthread -ldl -lobjc -Werror -Wno-missing-field-initializers  "
ld: warning: text-based stub file /System/Library/Frameworks//Security.framework/Security.tbd and library file /System/Library/Frameworks//Security.framework/Security are out of sync. Falling back to library file for linking.
ld: warning: text-based stub file /System/Library/Frameworks//Foundation.framework/Foundation.tbd and library file /System/Library/Frameworks//Foundation.framework/Foundation are out of sync. Falling back to library file for linking.
ld: warning: text-based stub file /System/Library/Frameworks//CoreFoundation.framework/Versions/A/CoreFoundation.tbd and library file /System/Library/Frameworks//CoreFoundation.framework/Versions/A/CoreFoundation are out of sync. Falling back to library file for linking.
checked program was:
/* begin */
1: #include "ruby.h"
2: 
3: int main() {return 0;}
/* end */

" clang -o conftest -I/Users/ogushiyosuke/.rbenv/versions/2.6.3/include/ruby-2.6.0/x86_64-darwin17 -I/Users/ogushiyosuke/.rbenv/versions/2.6.3/include/ruby-2.6.0/ruby/backward -I/Users/ogushiyosuke/.rbenv/versions/2.6.3/include/ruby-2.6.0 -I. -I/usr/local/Cellar/mysql/8.0.16/include/mysql -I/Users/ogushiyosuke/.rbenv/versions/2.6.3/include  -D_XOPEN_SOURCE -D_DARWIN_C_SOURCE -D_DARWIN_UNLIMITED_SELECT -D_REENTRANT    -O3 -Wno-error=shorten-64-to-32  -pipe -DFULL_SSL_MODE_SUPPORT conftest.c  -L. -L/Users/ogushiyosuke/.rbenv/versions/2.6.3/lib -L. -L/Users/ogushiyosuke/.rbenv/versions/2.6.3/lib  -fstack-protector-strong -L/usr/local/lib    -L/usr/local/Cellar/mysql/8.0.16/lib -lmysqlclient -lssl -lcrypto  -lruby.2.6-static -framework Security -framework Foundation -lpthread -ldl -lobjc -Werror -Wno-missing-variable-declarations  "
ld: warning: text-based stub file /System/Library/Frameworks//Security.framework/Security.tbd and library file /System/Library/Frameworks//Security.framework/Security are out of sync. Falling back to library file for linking.
ld: warning: text-based stub file /System/Library/Frameworks//Foundation.framework/Foundation.tbd and library file /System/Library/Frameworks//Foundation.framework/Foundation are out of sync. Falling back to library file for linking.
ld: warning: text-based stub file /System/Library/Frameworks//CoreFoundation.framework/Versions/A/CoreFoundation.tbd and library file /System/Library/Frameworks//CoreFoundation.framework/Versions/A/CoreFoundation are out of sync. Falling back to library file for linking.
checked program was:
/* begin */
1: #include "ruby.h"
2: 
3: int main() {return 0;}
/* end */

" clang -o conftest -I/Users/ogushiyosuke/.rbenv/versions/2.6.3/include/ruby-2.6.0/x86_64-darwin17 -I/Users/ogushiyosuke/.rbenv/versions/2.6.3/include/ruby-2.6.0/ruby/backward -I/Users/ogushiyosuke/.rbenv/versions/2.6.3/include/ruby-2.6.0 -I. -I/usr/local/Cellar/mysql/8.0.16/include/mysql -I/Users/ogushiyosuke/.rbenv/versions/2.6.3/include  -D_XOPEN_SOURCE -D_DARWIN_C_SOURCE -D_DARWIN_UNLIMITED_SELECT -D_REENTRANT    -O3 -Wno-error=shorten-64-to-32  -pipe -DFULL_SSL_MODE_SUPPORT conftest.c  -L. -L/Users/ogushiyosuke/.rbenv/versions/2.6.3/lib -L. -L/Users/ogushiyosuke/.rbenv/versions/2.6.3/lib  -fstack-protector-strong -L/usr/local/lib    -L/usr/local/Cellar/mysql/8.0.16/lib -lmysqlclient -lssl -lcrypto  -lruby.2.6-static -framework Security -framework Foundation -lpthread -ldl -lobjc -Werror -Wno-padded  "
ld: warning: text-based stub file /System/Library/Frameworks//Security.framework/Security.tbd and library file /System/Library/Frameworks//Security.framework/Security are out of sync. Falling back to library file for linking.
ld: warning: text-based stub file /System/Library/Frameworks//Foundation.framework/Foundation.tbd and library file /System/Library/Frameworks//Foundation.framework/Foundation are out of sync. Falling back to library file for linking.
ld: warning: text-based stub file /System/Library/Frameworks//CoreFoundation.framework/Versions/A/CoreFoundation.tbd and library file /System/Library/Frameworks//CoreFoundation.framework/Versions/A/CoreFoundation are out of sync. Falling back to library file for linking.
checked program was:
/* begin */
1: #include "ruby.h"
2: 
3: int main() {return 0;}
/* end */

" clang -o conftest -I/Users/ogushiyosuke/.rbenv/versions/2.6.3/include/ruby-2.6.0/x86_64-darwin17 -I/Users/ogushiyosuke/.rbenv/versions/2.6.3/include/ruby-2.6.0/ruby/backward -I/Users/ogushiyosuke/.rbenv/versions/2.6.3/include/ruby-2.6.0 -I. -I/usr/local/Cellar/mysql/8.0.16/include/mysql -I/Users/ogushiyosuke/.rbenv/versions/2.6.3/include  -D_XOPEN_SOURCE -D_DARWIN_C_SOURCE -D_DARWIN_UNLIMITED_SELECT -D_REENTRANT    -O3 -Wno-error=shorten-64-to-32  -pipe -DFULL_SSL_MODE_SUPPORT conftest.c  -L. -L/Users/ogushiyosuke/.rbenv/versions/2.6.3/lib -L. -L/Users/ogushiyosuke/.rbenv/versions/2.6.3/lib  -fstack-protector-strong -L/usr/local/lib    -L/usr/local/Cellar/mysql/8.0.16/lib -lmysqlclient -lssl -lcrypto  -lruby.2.6-static -framework Security -framework Foundation -lpthread -ldl -lobjc -Werror -Wno-reserved-id-macro  "
ld: warning: text-based stub file /System/Library/Frameworks//Security.framework/Security.tbd and library file /System/Library/Frameworks//Security.framework/Security are out of sync. Falling back to library file for linking.
ld: warning: text-based stub file /System/Library/Frameworks//Foundation.framework/Foundation.tbd and library file /System/Library/Frameworks//Foundation.framework/Foundation are out of sync. Falling back to library file for linking.
ld: warning: text-based stub file /System/Library/Frameworks//CoreFoundation.framework/Versions/A/CoreFoundation.tbd and library file /System/Library/Frameworks//CoreFoundation.framework/Versions/A/CoreFoundation are out of sync. Falling back to library file for linking.
checked program was:
/* begin */
1: #include "ruby.h"
2: 
3: int main() {return 0;}
/* end */

" clang -o conftest -I/Users/ogushiyosuke/.rbenv/versions/2.6.3/include/ruby-2.6.0/x86_64-darwin17 -I/Users/ogushiyosuke/.rbenv/versions/2.6.3/include/ruby-2.6.0/ruby/backward -I/Users/ogushiyosuke/.rbenv/versions/2.6.3/include/ruby-2.6.0 -I. -I/usr/local/Cellar/mysql/8.0.16/include/mysql -I/Users/ogushiyosuke/.rbenv/versions/2.6.3/include  -D_XOPEN_SOURCE -D_DARWIN_C_SOURCE -D_DARWIN_UNLIMITED_SELECT -D_REENTRANT    -O3 -Wno-error=shorten-64-to-32  -pipe -DFULL_SSL_MODE_SUPPORT conftest.c  -L. -L/Users/ogushiyosuke/.rbenv/versions/2.6.3/lib -L. -L/Users/ogushiyosuke/.rbenv/versions/2.6.3/lib  -fstack-protector-strong -L/usr/local/lib    -L/usr/local/Cellar/mysql/8.0.16/lib -lmysqlclient -lssl -lcrypto  -lruby.2.6-static -framework Security -framework Foundation -lpthread -ldl -lobjc -Werror -Wno-sign-conversion  "
ld: warning: text-based stub file /System/Library/Frameworks//Security.framework/Security.tbd and library file /System/Library/Frameworks//Security.framework/Security are out of sync. Falling back to library file for linking.
ld: warning: text-based stub file /System/Library/Frameworks//Foundation.framework/Foundation.tbd and library file /System/Library/Frameworks//Foundation.framework/Foundation are out of sync. Falling back to library file for linking.
ld: warning: text-based stub file /System/Library/Frameworks//CoreFoundation.framework/Versions/A/CoreFoundation.tbd and library file /System/Library/Frameworks//CoreFoundation.framework/Versions/A/CoreFoundation are out of sync. Falling back to library file for linking.
checked program was:
/* begin */
1: #include "ruby.h"
2: 
3: int main() {return 0;}
/* end */

" clang -o conftest -I/Users/ogushiyosuke/.rbenv/versions/2.6.3/include/ruby-2.6.0/x86_64-darwin17 -I/Users/ogushiyosuke/.rbenv/versions/2.6.3/include/ruby-2.6.0/ruby/backward -I/Users/ogushiyosuke/.rbenv/versions/2.6.3/include/ruby-2.6.0 -I. -I/usr/local/Cellar/mysql/8.0.16/include/mysql -I/Users/ogushiyosuke/.rbenv/versions/2.6.3/include  -D_XOPEN_SOURCE -D_DARWIN_C_SOURCE -D_DARWIN_UNLIMITED_SELECT -D_REENTRANT    -O3 -Wno-error=shorten-64-to-32  -pipe -DFULL_SSL_MODE_SUPPORT conftest.c  -L. -L/Users/ogushiyosuke/.rbenv/versions/2.6.3/lib -L. -L/Users/ogushiyosuke/.rbenv/versions/2.6.3/lib  -fstack-protector-strong -L/usr/local/lib    -L/usr/local/Cellar/mysql/8.0.16/lib -lmysqlclient -lssl -lcrypto  -lruby.2.6-static -framework Security -framework Foundation -lpthread -ldl -lobjc -Werror -Wno-static-in-inline  "
ld: warning: text-based stub file /System/Library/Frameworks//Security.framework/Security.tbd and library file /System/Library/Frameworks//Security.framework/Security are out of sync. Falling back to library file for linking.
ld: warning: text-based stub file /System/Library/Frameworks//Foundation.framework/Foundation.tbd and library file /System/Library/Frameworks//Foundation.framework/Foundation are out of sync. Falling back to library file for linking.
ld: warning: text-based stub file /System/Library/Frameworks//CoreFoundation.framework/Versions/A/CoreFoundation.tbd and library file /System/Library/Frameworks//CoreFoundation.framework/Versions/A/CoreFoundation are out of sync. Falling back to library file for linking.
checked program was:
/* begin */
1: #include "ruby.h"
2: 
3: int main() {return 0;}
/* end */

" clang -o conftest -I/Users/ogushiyosuke/.rbenv/versions/2.6.3/include/ruby-2.6.0/x86_64-darwin17 -I/Users/ogushiyosuke/.rbenv/versions/2.6.3/include/ruby-2.6.0/ruby/backward -I/Users/ogushiyosuke/.rbenv/versions/2.6.3/include/ruby-2.6.0 -I. -I/usr/local/Cellar/mysql/8.0.16/include/mysql -I/Users/ogushiyosuke/.rbenv/versions/2.6.3/include  -D_XOPEN_SOURCE -D_DARWIN_C_SOURCE -D_DARWIN_UNLIMITED_SELECT -D_REENTRANT    -O3 -Wno-error=shorten-64-to-32  -pipe -DFULL_SSL_MODE_SUPPORT conftest.c  -L. -L/Users/ogushiyosuke/.rbenv/versions/2.6.3/lib -L. -L/Users/ogushiyosuke/.rbenv/versions/2.6.3/lib  -fstack-protector-strong -L/usr/local/lib    -L/usr/local/Cellar/mysql/8.0.16/lib -lmysqlclient -lssl -lcrypto  -lruby.2.6-static -framework Security -framework Foundation -lpthread -ldl -lobjc -Werror -Wno-switch-enum  "
ld: warning: text-based stub file /System/Library/Frameworks//Security.framework/Security.tbd and library file /System/Library/Frameworks//Security.framework/Security are out of sync. Falling back to library file for linking.
ld: warning: text-based stub file /System/Library/Frameworks//Foundation.framework/Foundation.tbd and library file /System/Library/Frameworks//Foundation.framework/Foundation are out of sync. Falling back to library file for linking.
ld: warning: text-based stub file /System/Library/Frameworks//CoreFoundation.framework/Versions/A/CoreFoundation.tbd and library file /System/Library/Frameworks//CoreFoundation.framework/Versions/A/CoreFoundation are out of sync. Falling back to library file for linking.
checked program was:
/* begin */
1: #include "ruby.h"
2: 
3: int main() {return 0;}
/* end */

" clang -o conftest -I/Users/ogushiyosuke/.rbenv/versions/2.6.3/include/ruby-2.6.0/x86_64-darwin17 -I/Users/ogushiyosuke/.rbenv/versions/2.6.3/include/ruby-2.6.0/ruby/backward -I/Users/ogushiyosuke/.rbenv/versions/2.6.3/include/ruby-2.6.0 -I. -I/usr/local/Cellar/mysql/8.0.16/include/mysql -I/Users/ogushiyosuke/.rbenv/versions/2.6.3/include  -D_XOPEN_SOURCE -D_DARWIN_C_SOURCE -D_DARWIN_UNLIMITED_SELECT -D_REENTRANT    -O3 -Wno-error=shorten-64-to-32  -pipe -DFULL_SSL_MODE_SUPPORT conftest.c  -L. -L/Users/ogushiyosuke/.rbenv/versions/2.6.3/lib -L. -L/Users/ogushiyosuke/.rbenv/versions/2.6.3/lib  -fstack-protector-strong -L/usr/local/lib    -L/usr/local/Cellar/mysql/8.0.16/lib -lmysqlclient -lssl -lcrypto  -lruby.2.6-static -framework Security -framework Foundation -lpthread -ldl -lobjc -Werror -Wno-undef  "
ld: warning: text-based stub file /System/Library/Frameworks//Security.framework/Security.tbd and library file /System/Library/Frameworks//Security.framework/Security are out of sync. Falling back to library file for linking.
ld: warning: text-based stub file /System/Library/Frameworks//Foundation.framework/Foundation.tbd and library file /System/Library/Frameworks//Foundation.framework/Foundation are out of sync. Falling back to library file for linking.
ld: warning: text-based stub file /System/Library/Frameworks//CoreFoundation.framework/Versions/A/CoreFoundation.tbd and library file /System/Library/Frameworks//CoreFoundation.framework/Versions/A/CoreFoundation are out of sync. Falling back to library file for linking.
checked program was:
/* begin */
1: #include "ruby.h"
2: 
3: int main() {return 0;}
/* end */

" clang -o conftest -I/Users/ogushiyosuke/.rbenv/versions/2.6.3/include/ruby-2.6.0/x86_64-darwin17 -I/Users/ogushiyosuke/.rbenv/versions/2.6.3/include/ruby-2.6.0/ruby/backward -I/Users/ogushiyosuke/.rbenv/versions/2.6.3/include/ruby-2.6.0 -I. -I/usr/local/Cellar/mysql/8.0.16/include/mysql -I/Users/ogushiyosuke/.rbenv/versions/2.6.3/include  -D_XOPEN_SOURCE -D_DARWIN_C_SOURCE -D_DARWIN_UNLIMITED_SELECT -D_REENTRANT    -O3 -Wno-error=shorten-64-to-32  -pipe -DFULL_SSL_MODE_SUPPORT conftest.c  -L. -L/Users/ogushiyosuke/.rbenv/versions/2.6.3/lib -L. -L/Users/ogushiyosuke/.rbenv/versions/2.6.3/lib  -fstack-protector-strong -L/usr/local/lib    -L/usr/local/Cellar/mysql/8.0.16/lib -lmysqlclient -lssl -lcrypto  -lruby.2.6-static -framework Security -framework Foundation -lpthread -ldl -lobjc -Werror -Wno-unreachable-code  "
ld: warning: text-based stub file /System/Library/Frameworks//Security.framework/Security.tbd and library file /System/Library/Frameworks//Security.framework/Security are out of sync. Falling back to library file for linking.
ld: warning: text-based stub file /System/Library/Frameworks//Foundation.framework/Foundation.tbd and library file /System/Library/Frameworks//Foundation.framework/Foundation are out of sync. Falling back to library file for linking.
ld: warning: text-based stub file /System/Library/Frameworks//CoreFoundation.framework/Versions/A/CoreFoundation.tbd and library file /System/Library/Frameworks//CoreFoundation.framework/Versions/A/CoreFoundation are out of sync. Falling back to library file for linking.
checked program was:
/* begin */
1: #include "ruby.h"
2: 
3: int main() {return 0;}
/* end */

" clang -o conftest -I/Users/ogushiyosuke/.rbenv/versions/2.6.3/include/ruby-2.6.0/x86_64-darwin17 -I/Users/ogushiyosuke/.rbenv/versions/2.6.3/include/ruby-2.6.0/ruby/backward -I/Users/ogushiyosuke/.rbenv/versions/2.6.3/include/ruby-2.6.0 -I. -I/usr/local/Cellar/mysql/8.0.16/include/mysql -I/Users/ogushiyosuke/.rbenv/versions/2.6.3/include  -D_XOPEN_SOURCE -D_DARWIN_C_SOURCE -D_DARWIN_UNLIMITED_SELECT -D_REENTRANT    -O3 -Wno-error=shorten-64-to-32  -pipe -DFULL_SSL_MODE_SUPPORT conftest.c  -L. -L/Users/ogushiyosuke/.rbenv/versions/2.6.3/lib -L. -L/Users/ogushiyosuke/.rbenv/versions/2.6.3/lib  -fstack-protector-strong -L/usr/local/lib    -L/usr/local/Cellar/mysql/8.0.16/lib -lmysqlclient -lssl -lcrypto  -lruby.2.6-static -framework Security -framework Foundation -lpthread -ldl -lobjc -Werror -Wno-used-but-marked-unused  "
ld: warning: text-based stub file /System/Library/Frameworks//Security.framework/Security.tbd and library file /System/Library/Frameworks//Security.framework/Security are out of sync. Falling back to library file for linking.
ld: warning: text-based stub file /System/Library/Frameworks//Foundation.framework/Foundation.tbd and library file /System/Library/Frameworks//Foundation.framework/Foundation are out of sync. Falling back to library file for linking.
ld: warning: text-based stub file /System/Library/Frameworks//CoreFoundation.framework/Versions/A/CoreFoundation.tbd and library file /System/Library/Frameworks//CoreFoundation.framework/Versions/A/CoreFoundation are out of sync. Falling back to library file for linking.
checked program was:
/* begin */
1: #include "ruby.h"
2: 
3: int main() {return 0;}
/* end */

" clang -o conftest -I/Users/ogushiyosuke/.rbenv/versions/2.6.3/include/ruby-2.6.0/x86_64-darwin17 -I/Users/ogushiyosuke/.rbenv/versions/2.6.3/include/ruby-2.6.0/ruby/backward -I/Users/ogushiyosuke/.rbenv/versions/2.6.3/include/ruby-2.6.0 -I. -I/usr/local/Cellar/mysql/8.0.16/include/mysql -I/Users/ogushiyosuke/.rbenv/versions/2.6.3/include  -D_XOPEN_SOURCE -D_DARWIN_C_SOURCE -D_DARWIN_UNLIMITED_SELECT -D_REENTRANT    -O3 -Wno-error=shorten-64-to-32  -pipe -DFULL_SSL_MODE_SUPPORT -Wno-bad-function-cast -Wno-conditional-uninitialized -Wno-covered-switch-default -Wno-declaration-after-statement -Wno-disabled-macro-expansion -Wno-documentation-unknown-command -Wno-missing-field-initializers -Wno-missing-variable-declarations -Wno-padded -Wno-reserved-id-macro -Wno-sign-conversion -Wno-static-in-inline -Wno-switch-enum -Wno-undef -Wno-unreachable-code -Wno-used-but-marked-unused conftest.c  -L. -L/Users/ogushiyosuke/.rbenv/versions/2.6.3/lib -L. -L/Users/ogushiyosuke/.rbenv/versions/2.6.3/lib  -fstack-protector-strong -L/usr/local/lib    -L/usr/local/Cellar/mysql/8.0.16/lib -lmysqlclient -lssl -lcrypto  -lruby.2.6-static -framework Security -framework Foundation -lpthread -ldl -lobjc  -Wl,-rpath,/usr/local/Cellar/mysql/8.0.16/lib  "
ld: warning: text-based stub file /System/Library/Frameworks//Security.framework/Security.tbd and library file /System/Library/Frameworks//Security.framework/Security are out of sync. Falling back to library file for linking.
ld: warning: text-based stub file /System/Library/Frameworks//Foundation.framework/Foundation.tbd and library file /System/Library/Frameworks//Foundation.framework/Foundation are out of sync. Falling back to library file for linking.
ld: warning: text-based stub file /System/Library/Frameworks//CoreFoundation.framework/Versions/A/CoreFoundation.tbd and library file /System/Library/Frameworks//CoreFoundation.framework/Versions/A/CoreFoundation are out of sync. Falling back to library file for linking.
checked program was:
/* begin */
1: #include "ruby.h"
2: 
3: int main() {return 0;}
/* end */

