have_library: checking for BIO_read() in -lcrypto... -------------------- yes

" clang -o conftest -I/Users/ogushiyosuke/.rbenv/versions/2.6.3/include/ruby-2.6.0/x86_64-darwin17 -I/Users/ogushiyosuke/.rbenv/versions/2.6.3/include/ruby-2.6.0/ruby/backward -I/Users/ogushiyosuke/.rbenv/versions/2.6.3/include/ruby-2.6.0 -I. -I/usr/local/opt/openssl/include -I/Users/ogushiyosuke/.rbenv/versions/2.6.3/include  -D_XOPEN_SOURCE -D_DARWIN_C_SOURCE -D_DARWIN_UNLIMITED_SELECT -D_REENTRANT    -O3 -Wno-error=shorten-64-to-32  -pipe conftest.c  -L. -L/Users/ogushiyosuke/.rbenv/versions/2.6.3/lib -L/usr/local/opt/openssl/lib -L. -L/Users/ogushiyosuke/.rbenv/versions/2.6.3/lib  -fstack-protector-strong -L/usr/local/lib     -lruby.2.6-static -framework Security -framework Foundation -lpthread -ldl -lobjc   "
ld: warning: text-based stub file /System/Library/Frameworks//Security.framework/Security.tbd and library file /System/Library/Frameworks//Security.framework/Security are out of sync. Falling back to library file for linking.
ld: warning: text-based stub file /System/Library/Frameworks//Foundation.framework/Foundation.tbd and library file /System/Library/Frameworks//Foundation.framework/Foundation are out of sync. Falling back to library file for linking.
ld: warning: text-based stub file /System/Library/Frameworks//CoreFoundation.framework/Versions/A/CoreFoundation.tbd and library file /System/Library/Frameworks//CoreFoundation.framework/Versions/A/CoreFoundation are out of sync. Falling back to library file for linking.
checked program was:
/* begin */
1: #include "ruby.h"
2: 
3: int main(int argc, char **argv)
4: {
5:   return 0;
6: }
/* end */

" clang -o conftest -I/Users/ogushiyosuke/.rbenv/versions/2.6.3/include/ruby-2.6.0/x86_64-darwin17 -I/Users/ogushiyosuke/.rbenv/versions/2.6.3/include/ruby-2.6.0/ruby/backward -I/Users/ogushiyosuke/.rbenv/versions/2.6.3/include/ruby-2.6.0 -I. -I/usr/local/opt/openssl/include -I/Users/ogushiyosuke/.rbenv/versions/2.6.3/include  -D_XOPEN_SOURCE -D_DARWIN_C_SOURCE -D_DARWIN_UNLIMITED_SELECT -D_REENTRANT    -O3 -Wno-error=shorten-64-to-32  -pipe conftest.c  -L. -L/Users/ogushiyosuke/.rbenv/versions/2.6.3/lib -L/usr/local/opt/openssl/lib -L. -L/Users/ogushiyosuke/.rbenv/versions/2.6.3/lib  -fstack-protector-strong -L/usr/local/lib     -lruby.2.6-static -framework Security -framework Foundation -lpthread -ldl -lobjc -lcrypto   "
conftest.c:14:57: error: use of undeclared identifier 'BIO_read'
int t(void) { void ((*volatile p)()); p = (void ((*)()))BIO_read; return !p; }
                                                        ^
1 error generated.
checked program was:
/* begin */
 1: #include "ruby.h"
 2: 
 3: /*top*/
 4: extern int t(void);
 5: int main(int argc, char **argv)
 6: {
 7:   if (argc > 1000000) {
 8:     int (* volatile tp)(void)=(int (*)(void))&t;
 9:     printf("%d", (*tp)());
10:   }
11: 
12:   return 0;
13: }
14: int t(void) { void ((*volatile p)()); p = (void ((*)()))BIO_read; return !p; }
/* end */

" clang -o conftest -I/Users/ogushiyosuke/.rbenv/versions/2.6.3/include/ruby-2.6.0/x86_64-darwin17 -I/Users/ogushiyosuke/.rbenv/versions/2.6.3/include/ruby-2.6.0/ruby/backward -I/Users/ogushiyosuke/.rbenv/versions/2.6.3/include/ruby-2.6.0 -I. -I/usr/local/opt/openssl/include -I/Users/ogushiyosuke/.rbenv/versions/2.6.3/include  -D_XOPEN_SOURCE -D_DARWIN_C_SOURCE -D_DARWIN_UNLIMITED_SELECT -D_REENTRANT    -O3 -Wno-error=shorten-64-to-32  -pipe conftest.c  -L. -L/Users/ogushiyosuke/.rbenv/versions/2.6.3/lib -L/usr/local/opt/openssl/lib -L. -L/Users/ogushiyosuke/.rbenv/versions/2.6.3/lib  -fstack-protector-strong -L/usr/local/lib     -lruby.2.6-static -framework Security -framework Foundation -lpthread -ldl -lobjc -lcrypto   "
ld: warning: text-based stub file /System/Library/Frameworks//Security.framework/Security.tbd and library file /System/Library/Frameworks//Security.framework/Security are out of sync. Falling back to library file for linking.
ld: warning: text-based stub file /System/Library/Frameworks//Foundation.framework/Foundation.tbd and library file /System/Library/Frameworks//Foundation.framework/Foundation are out of sync. Falling back to library file for linking.
ld: warning: text-based stub file /System/Library/Frameworks//CoreFoundation.framework/Versions/A/CoreFoundation.tbd and library file /System/Library/Frameworks//CoreFoundation.framework/Versions/A/CoreFoundation are out of sync. Falling back to library file for linking.
checked program was:
/* begin */
 1: #include "ruby.h"
 2: 
 3: /*top*/
 4: extern int t(void);
 5: int main(int argc, char **argv)
 6: {
 7:   if (argc > 1000000) {
 8:     int (* volatile tp)(void)=(int (*)(void))&t;
 9:     printf("%d", (*tp)());
10:   }
11: 
12:   return 0;
13: }
14: extern void BIO_read();
15: int t(void) { BIO_read(); return 0; }
/* end */

--------------------

have_library: checking for SSL_CTX_new() in -lssl... -------------------- yes

" clang -o conftest -I/Users/ogushiyosuke/.rbenv/versions/2.6.3/include/ruby-2.6.0/x86_64-darwin17 -I/Users/ogushiyosuke/.rbenv/versions/2.6.3/include/ruby-2.6.0/ruby/backward -I/Users/ogushiyosuke/.rbenv/versions/2.6.3/include/ruby-2.6.0 -I. -I/usr/local/opt/openssl/include -I/Users/ogushiyosuke/.rbenv/versions/2.6.3/include  -D_XOPEN_SOURCE -D_DARWIN_C_SOURCE -D_DARWIN_UNLIMITED_SELECT -D_REENTRANT    -O3 -Wno-error=shorten-64-to-32  -pipe conftest.c  -L. -L/Users/ogushiyosuke/.rbenv/versions/2.6.3/lib -L/usr/local/opt/openssl/lib -L. -L/Users/ogushiyosuke/.rbenv/versions/2.6.3/lib  -fstack-protector-strong -L/usr/local/lib    -lcrypto  -lruby.2.6-static -framework Security -framework Foundation -lpthread -ldl -lobjc -lssl -lcrypto   "
conftest.c:14:57: error: use of undeclared identifier 'SSL_CTX_new'
int t(void) { void ((*volatile p)()); p = (void ((*)()))SSL_CTX_new; return !p; }
                                                        ^
1 error generated.
checked program was:
/* begin */
 1: #include "ruby.h"
 2: 
 3: /*top*/
 4: extern int t(void);
 5: int main(int argc, char **argv)
 6: {
 7:   if (argc > 1000000) {
 8:     int (* volatile tp)(void)=(int (*)(void))&t;
 9:     printf("%d", (*tp)());
10:   }
11: 
12:   return 0;
13: }
14: int t(void) { void ((*volatile p)()); p = (void ((*)()))SSL_CTX_new; return !p; }
/* end */

" clang -o conftest -I/Users/ogushiyosuke/.rbenv/versions/2.6.3/include/ruby-2.6.0/x86_64-darwin17 -I/Users/ogushiyosuke/.rbenv/versions/2.6.3/include/ruby-2.6.0/ruby/backward -I/Users/ogushiyosuke/.rbenv/versions/2.6.3/include/ruby-2.6.0 -I. -I/usr/local/opt/openssl/include -I/Users/ogushiyosuke/.rbenv/versions/2.6.3/include  -D_XOPEN_SOURCE -D_DARWIN_C_SOURCE -D_DARWIN_UNLIMITED_SELECT -D_REENTRANT    -O3 -Wno-error=shorten-64-to-32  -pipe conftest.c  -L. -L/Users/ogushiyosuke/.rbenv/versions/2.6.3/lib -L/usr/local/opt/openssl/lib -L. -L/Users/ogushiyosuke/.rbenv/versions/2.6.3/lib  -fstack-protector-strong -L/usr/local/lib    -lcrypto  -lruby.2.6-static -framework Security -framework Foundation -lpthread -ldl -lobjc -lssl -lcrypto   "
ld: warning: text-based stub file /System/Library/Frameworks//Security.framework/Security.tbd and library file /System/Library/Frameworks//Security.framework/Security are out of sync. Falling back to library file for linking.
ld: warning: text-based stub file /System/Library/Frameworks//Foundation.framework/Foundation.tbd and library file /System/Library/Frameworks//Foundation.framework/Foundation are out of sync. Falling back to library file for linking.
ld: warning: text-based stub file /System/Library/Frameworks//CoreFoundation.framework/Versions/A/CoreFoundation.tbd and library file /System/Library/Frameworks//CoreFoundation.framework/Versions/A/CoreFoundation are out of sync. Falling back to library file for linking.
checked program was:
/* begin */
 1: #include "ruby.h"
 2: 
 3: /*top*/
 4: extern int t(void);
 5: int main(int argc, char **argv)
 6: {
 7:   if (argc > 1000000) {
 8:     int (* volatile tp)(void)=(int (*)(void))&t;
 9:     printf("%d", (*tp)());
10:   }
11: 
12:   return 0;
13: }
14: extern void SSL_CTX_new();
15: int t(void) { SSL_CTX_new(); return 0; }
/* end */

--------------------

have_header: checking for openssl/bio.h... -------------------- yes

" clang -E -I/Users/ogushiyosuke/.rbenv/versions/2.6.3/include/ruby-2.6.0/x86_64-darwin17 -I/Users/ogushiyosuke/.rbenv/versions/2.6.3/include/ruby-2.6.0/ruby/backward -I/Users/ogushiyosuke/.rbenv/versions/2.6.3/include/ruby-2.6.0 -I. -I/usr/local/opt/openssl/include -I/Users/ogushiyosuke/.rbenv/versions/2.6.3/include  -D_XOPEN_SOURCE -D_DARWIN_C_SOURCE -D_DARWIN_UNLIMITED_SELECT -D_REENTRANT    -O3 -Wno-error=shorten-64-to-32  -pipe  conftest.c -o conftest.i"
checked program was:
/* begin */
1: #include "ruby.h"
2: 
3: #include <openssl/bio.h>
/* end */

--------------------

