have_header: checking for unistd.h... -------------------- yes

" clang -o conftest -I/Users/ogushiyosuke/.rbenv/versions/2.6.3/include/ruby-2.6.0/x86_64-darwin17 -I/Users/ogushiyosuke/.rbenv/versions/2.6.3/include/ruby-2.6.0/ruby/backward -I/Users/ogushiyosuke/.rbenv/versions/2.6.3/include/ruby-2.6.0 -I. -I/Users/ogushiyosuke/.rbenv/versions/2.6.3/include  -D_XOPEN_SOURCE -D_DARWIN_C_SOURCE -D_DARWIN_UNLIMITED_SELECT -D_REENTRANT    -O3 -Wno-error=shorten-64-to-32  -pipe conftest.c  -L. -L/Users/ogushiyosuke/.rbenv/versions/2.6.3/lib -L. -L/Users/ogushiyosuke/.rbenv/versions/2.6.3/lib  -fstack-protector-strong -L/usr/local/lib     -lruby.2.6-static -framework Security -framework Foundation -lpthread -ldl -lobjc   "
ld: warning: text-based stub file /System/Library/Frameworks//Security.framework/Security.tbd and library file /System/Library/Frameworks//Security.framework/Security are out of sync. Falling back to library file for linking.
ld: warning: text-based stub file /System/Library/Frameworks//Foundation.framework/Foundation.tbd and library file /System/Library/Frameworks//Foundation.framework/Foundation are out of sync. Falling back to library file for linking.
ld: warning: text-based stub file /System/Library/Frameworks//CoreFoundation.framework/Versions/A/CoreFoundation.tbd and library file /System/Library/Frameworks//CoreFoundation.framework/Versions/A/CoreFoundation are out of sync. Falling back to library file for linking.
checked program was:
/* begin */
1: #include "ruby.h"
2: 
3: int main(int argc, char **argv)
4: {
5:   return 0;
6: }
/* end */

" clang -E -I/Users/ogushiyosuke/.rbenv/versions/2.6.3/include/ruby-2.6.0/x86_64-darwin17 -I/Users/ogushiyosuke/.rbenv/versions/2.6.3/include/ruby-2.6.0/ruby/backward -I/Users/ogushiyosuke/.rbenv/versions/2.6.3/include/ruby-2.6.0 -I. -I/Users/ogushiyosuke/.rbenv/versions/2.6.3/include  -D_XOPEN_SOURCE -D_DARWIN_C_SOURCE -D_DARWIN_UNLIMITED_SELECT -D_REENTRANT    -O3 -Wno-error=shorten-64-to-32  -pipe  conftest.c -o conftest.i"
checked program was:
/* begin */
1: #include "ruby.h"
2: 
3: #include <unistd.h>
/* end */

--------------------

have_header: checking for sys/select.h... -------------------- yes

" clang -E -I/Users/ogushiyosuke/.rbenv/versions/2.6.3/include/ruby-2.6.0/x86_64-darwin17 -I/Users/ogushiyosuke/.rbenv/versions/2.6.3/include/ruby-2.6.0/ruby/backward -I/Users/ogushiyosuke/.rbenv/versions/2.6.3/include/ruby-2.6.0 -I. -I/Users/ogushiyosuke/.rbenv/versions/2.6.3/include  -D_XOPEN_SOURCE -D_DARWIN_C_SOURCE -D_DARWIN_UNLIMITED_SELECT -D_REENTRANT    -O3 -Wno-error=shorten-64-to-32  -pipe  conftest.c -o conftest.i"
checked program was:
/* begin */
1: #include "ruby.h"
2: 
3: #include <sys/select.h>
/* end */

--------------------

have_type: checking for port_event_t in poll.h... -------------------- no

" clang -I/Users/ogushiyosuke/.rbenv/versions/2.6.3/include/ruby-2.6.0/x86_64-darwin17 -I/Users/ogushiyosuke/.rbenv/versions/2.6.3/include/ruby-2.6.0/ruby/backward -I/Users/ogushiyosuke/.rbenv/versions/2.6.3/include/ruby-2.6.0 -I. -I/Users/ogushiyosuke/.rbenv/versions/2.6.3/include  -D_XOPEN_SOURCE -D_DARWIN_C_SOURCE -D_DARWIN_UNLIMITED_SELECT -D_REENTRANT    -O3 -Wno-error=shorten-64-to-32  -pipe   -c conftest.c"
conftest.c:6:9: error: unknown type name 'port_event_t'
typedef port_event_t conftest_type;
        ^
1 error generated.
checked program was:
/* begin */
1: #include "ruby.h"
2: 
3: #include <poll.h>
4: 
5: /*top*/
6: typedef port_event_t conftest_type;
7: int conftestval[sizeof(conftest_type)?1:-1];
/* end */

--------------------

have_header: checking for sys/epoll.h... -------------------- no

" clang -E -I/Users/ogushiyosuke/.rbenv/versions/2.6.3/include/ruby-2.6.0/x86_64-darwin17 -I/Users/ogushiyosuke/.rbenv/versions/2.6.3/include/ruby-2.6.0/ruby/backward -I/Users/ogushiyosuke/.rbenv/versions/2.6.3/include/ruby-2.6.0 -I. -I/Users/ogushiyosuke/.rbenv/versions/2.6.3/include  -D_XOPEN_SOURCE -D_DARWIN_C_SOURCE -D_DARWIN_UNLIMITED_SELECT -D_REENTRANT    -O3 -Wno-error=shorten-64-to-32  -pipe  conftest.c -o conftest.i"
conftest.c:3:10: fatal error: 'sys/epoll.h' file not found
#include <sys/epoll.h>
         ^~~~~~~~~~~~~
1 error generated.
checked program was:
/* begin */
1: #include "ruby.h"
2: 
3: #include <sys/epoll.h>
/* end */

--------------------

have_header: checking for sys/event.h... -------------------- yes

" clang -E -I/Users/ogushiyosuke/.rbenv/versions/2.6.3/include/ruby-2.6.0/x86_64-darwin17 -I/Users/ogushiyosuke/.rbenv/versions/2.6.3/include/ruby-2.6.0/ruby/backward -I/Users/ogushiyosuke/.rbenv/versions/2.6.3/include/ruby-2.6.0 -I. -I/Users/ogushiyosuke/.rbenv/versions/2.6.3/include  -D_XOPEN_SOURCE -D_DARWIN_C_SOURCE -D_DARWIN_UNLIMITED_SELECT -D_REENTRANT    -O3 -Wno-error=shorten-64-to-32  -pipe  conftest.c -o conftest.i"
checked program was:
/* begin */
1: #include "ruby.h"
2: 
3: #include <sys/event.h>
/* end */

--------------------

have_header: checking for sys/queue.h... -------------------- yes

" clang -E -I/Users/ogushiyosuke/.rbenv/versions/2.6.3/include/ruby-2.6.0/x86_64-darwin17 -I/Users/ogushiyosuke/.rbenv/versions/2.6.3/include/ruby-2.6.0/ruby/backward -I/Users/ogushiyosuke/.rbenv/versions/2.6.3/include/ruby-2.6.0 -I. -I/Users/ogushiyosuke/.rbenv/versions/2.6.3/include  -D_XOPEN_SOURCE -D_DARWIN_C_SOURCE -D_DARWIN_UNLIMITED_SELECT -D_REENTRANT    -O3 -Wno-error=shorten-64-to-32  -pipe  conftest.c -o conftest.i"
checked program was:
/* begin */
1: #include "ruby.h"
2: 
3: #include <sys/queue.h>
/* end */

--------------------

have_type: checking for port_event_t in port.h... -------------------- no

" clang -I/Users/ogushiyosuke/.rbenv/versions/2.6.3/include/ruby-2.6.0/x86_64-darwin17 -I/Users/ogushiyosuke/.rbenv/versions/2.6.3/include/ruby-2.6.0/ruby/backward -I/Users/ogushiyosuke/.rbenv/versions/2.6.3/include/ruby-2.6.0 -I. -I/Users/ogushiyosuke/.rbenv/versions/2.6.3/include  -D_XOPEN_SOURCE -D_DARWIN_C_SOURCE -D_DARWIN_UNLIMITED_SELECT -D_REENTRANT    -O3 -Wno-error=shorten-64-to-32  -pipe   -c conftest.c"
conftest.c:3:10: fatal error: 'port.h' file not found
#include <port.h>
         ^~~~~~~~
1 error generated.
checked program was:
/* begin */
1: #include "ruby.h"
2: 
3: #include <port.h>
4: 
5: /*top*/
6: typedef port_event_t conftest_type;
7: int conftestval[sizeof(conftest_type)?1:-1];
/* end */

--------------------

have_header: checking for sys/resource.h... -------------------- yes

" clang -E -I/Users/ogushiyosuke/.rbenv/versions/2.6.3/include/ruby-2.6.0/x86_64-darwin17 -I/Users/ogushiyosuke/.rbenv/versions/2.6.3/include/ruby-2.6.0/ruby/backward -I/Users/ogushiyosuke/.rbenv/versions/2.6.3/include/ruby-2.6.0 -I. -I/Users/ogushiyosuke/.rbenv/versions/2.6.3/include  -D_XOPEN_SOURCE -D_DARWIN_C_SOURCE -D_DARWIN_UNLIMITED_SELECT -D_REENTRANT    -O3 -Wno-error=shorten-64-to-32  -pipe  conftest.c -o conftest.i"
checked program was:
/* begin */
1: #include "ruby.h"
2: 
3: #include <sys/resource.h>
/* end */

--------------------

